2015-05-25 22:23:00+0800 [scrapy] INFO: Scrapy 0.24.6 started (bot: tongkuanTaobao)
2015-05-25 22:23:00+0800 [scrapy] INFO: Optional features available: ssl, http11, django
2015-05-25 22:23:00+0800 [scrapy] INFO: Overridden settings: {'NEWSPIDER_MODULE': 'tongkuanTaobao.spiders', 'FEED_URI': 't.json', 'SPIDER_MODULES': ['tongkuanTaobao.spiders'], 'BOT_NAME': 'tongkuanTaobao', 'FEED_FORMAT': 'json', 'LOG_FILE': 't.log'}
2015-05-25 22:23:00+0800 [scrapy] INFO: Enabled extensions: FeedExporter, LogStats, TelnetConsole, CloseSpider, WebService, CoreStats, SpiderState
2015-05-25 22:23:00+0800 [scrapy] INFO: Enabled downloader middlewares: HttpAuthMiddleware, DownloadTimeoutMiddleware, UserAgentMiddleware, RetryMiddleware, DefaultHeadersMiddleware, MetaRefreshMiddleware, HttpCompressionMiddleware, RedirectMiddleware, CookiesMiddleware, ChunkedTransferMiddleware, DownloaderStats
2015-05-25 22:23:00+0800 [scrapy] INFO: Enabled spider middlewares: HttpErrorMiddleware, OffsiteMiddleware, RefererMiddleware, UrlLengthMiddleware, DepthMiddleware
2015-05-25 22:23:00+0800 [scrapy] INFO: Enabled item pipelines: 
2015-05-25 22:23:00+0800 [taobaoTongkuan] INFO: Spider opened
2015-05-25 22:23:00+0800 [taobaoTongkuan] INFO: Crawled 0 pages (at 0 pages/min), scraped 0 items (at 0 items/min)
2015-05-25 22:23:00+0800 [scrapy] DEBUG: Telnet console listening on 127.0.0.1:6024
2015-05-25 22:23:00+0800 [scrapy] DEBUG: Web service listening on 127.0.0.1:6081
2015-05-25 22:24:00+0800 [taobaoTongkuan] DEBUG: Crawled (200) <GET http://item.taobao.com/item.htm?id=2280662058> (referer: None)
2015-05-25 22:24:00+0800 [taobaoTongkuan] DEBUG: Crawled (200) <GET http://item.taobao.com/item.htm?id=8369907973> (referer: None)
2015-05-25 22:24:00+0800 [taobaoTongkuan] INFO: Crawled 2 pages (at 2 pages/min), scraped 0 items (at 0 items/min)
2015-05-25 22:24:10+0800 [taobaoTongkuan] DEBUG: Crawled (200) <GET http://item.taobao.com/item.htm?id=42580374229> (referer: None)
2015-05-25 22:24:30+0800 [taobaoTongkuan] DEBUG: Crawled (200) <GET http://item.taobao.com/item.htm?id=7784893223> (referer: None)
2015-05-25 22:24:30+0800 [taobaoTongkuan] DEBUG: Crawled (200) <GET http://detail.tmall.hk/hk/item.htm?id=40233085576> (referer: None)
2015-05-25 22:24:30+0800 [taobaoTongkuan] DEBUG: Crawled (200) <GET http://item.taobao.com/item.htm?id=19419081579> (referer: None)
2015-05-25 22:24:40+0800 [taobaoTongkuan] DEBUG: Crawled (200) <GET http://detail.tmall.hk/hk/item.htm?id=39285824433> (referer: None)
2015-05-25 22:25:00+0800 [taobaoTongkuan] DEBUG: Crawled (200) <GET http://item.taobao.com/item.htm?id=42336913925> (referer: None)
2015-05-25 22:25:00+0800 [taobaoTongkuan] INFO: Crawled 8 pages (at 6 pages/min), scraped 0 items (at 0 items/min)
2015-05-25 22:25:10+0800 [taobaoTongkuan] DEBUG: Crawled (200) <GET http://item.taobao.com/item.htm?id=7243339076> (referer: None)
2015-05-25 22:25:10+0800 [taobaoTongkuan] DEBUG: Crawled (200) <GET http://s.m.taobao.com/search?event_submit_do_new_search_auction=1&_input_charset=utf-8&topSearch=1&atype=b&searchfrom=1&action=home%3Aredirect_app_action&from=1&sst=1&n=20&buying=buyitnow&m=api4h5&abtest=1&wlsort=1&style=list&closeModues=nav%2Cselecthot%2Conesearch&callback=json&q=%E9%9F%A9%E5%9B%BD%E4%B8%93%E6%9F%9C%E4%BB%A3%E8%B4%AD%20%E6%A2%A6%E5%A6%86Mamonde%20%E8%8A%B1%E9%A2%9C%20%E5%87%9D%E6%97%B6%E8%8F%81%E5%8D%8E%20%E5%A4%9A%E6%95%88%20%E4%BF%AE%E6%8A%A4%E7%9C%BC%E9%9C%9C> (referer: http://item.taobao.com/item.htm?id=42580374229)
2015-05-25 22:25:10+0800 [taobaoTongkuan] DEBUG: Crawled (200) <GET http://s.m.taobao.com/search?event_submit_do_new_search_auction=1&_input_charset=utf-8&topSearch=1&atype=b&searchfrom=1&action=home%3Aredirect_app_action&from=1&sst=1&n=20&buying=buyitnow&m=api4h5&abtest=1&wlsort=1&style=list&closeModues=nav%2Cselecthot%2Conesearch&callback=json&q=%E6%AD%A3%E5%93%81%E4%BF%9D%E8%AF%81%EF%BC%81%E5%80%A9%E7%A2%A7%20%E7%9C%BC%E9%83%A8%E6%8A%A4%E7%90%86%E6%B0%B4%E5%87%9D%E9%9C%9C%2015ml%20%20%E7%9C%BC%E9%83%A8%E6%8A%A4%E7%90%86%E6%BB%8B%E5%85%BB%E9%9C%9C%20%E7%9C%BC%E9%9C%9C%202%E6%AC%BE> (referer: http://item.taobao.com/item.htm?id=8369907973)
2015-05-25 22:25:10+0800 [taobaoTongkuan] DEBUG: Crawled (200) <GET http://s.m.taobao.com/search?event_submit_do_new_search_auction=1&_input_charset=utf-8&topSearch=1&atype=b&searchfrom=1&action=home%3Aredirect_app_action&from=1&sst=1&n=20&buying=buyitnow&m=api4h5&abtest=1&wlsort=1&style=list&closeModues=nav%2Cselecthot%2Conesearch&callback=json&q=%E6%AD%A3%E5%93%81%E5%8C%85%E9%82%AE%20%E5%A4%A7%E5%AE%9D%E7%9C%BC%E9%9C%9C20g%20%E4%B8%89%E6%95%88%E5%90%88%E4%B8%80%20%E5%B9%B6%E6%8A%97%E7%94%B5%E8%84%91%E5%B9%85%E5%B0%84%20%E5%9B%BD%E8%B4%A7%E6%8A%A4%E8%82%A4%E5%93%81%E8%80%81%E7%89%8C> (referer: http://item.taobao.com/item.htm?id=2280662058)
2015-05-25 22:25:21+0800 [taobaoTongkuan] DEBUG: Crawled (200) <GET http://item.taobao.com/item.htm?id=5414461822> (referer: None)
2015-05-25 22:25:21+0800 [taobaoTongkuan] DEBUG: Crawled (200) <GET http://item.taobao.com/item.htm?id=37831458314> (referer: None)
2015-05-25 22:25:31+0800 [taobaoTongkuan] DEBUG: Crawled (200) <GET http://s.m.taobao.com/search?event_submit_do_new_search_auction=1&_input_charset=utf-8&topSearch=1&atype=b&searchfrom=1&action=home%3Aredirect_app_action&from=1&sst=1&n=20&buying=buyitnow&m=api4h5&abtest=1&wlsort=1&style=list&closeModues=nav%2Cselecthot%2Conesearch&callback=json&q=%E6%97%A5%E4%B8%8A%E5%85%8D%E7%A8%8E%E6%AD%A3%E5%93%81%E4%BB%A3%E8%B4%AD%20Kiehl%E2%80%99s%E7%A7%91%E9%A2%9C%E6%B0%8F/%E5%A5%91%E5%B0%94%E6%B0%8F%20%E7%89%9B%E6%B2%B9%E6%9E%9C%E4%BF%9D%E6%B9%BF%E7%9C%BC%E9%9C%9C%2014G> (referer: http://item.taobao.com/item.htm?id=19419081579)
2015-05-25 22:25:31+0800 [taobaoTongkuan] DEBUG: Crawled (200) <GET http://s.m.taobao.com/search?event_submit_do_new_search_auction=1&_input_charset=utf-8&topSearch=1&atype=b&searchfrom=1&action=home%3Aredirect_app_action&from=1&sst=1&n=20&buying=buyitnow&m=api4h5&abtest=1&wlsort=1&style=list&closeModues=nav%2Cselecthot%2Conesearch&callback=json&q=%E4%B8%93%E6%9F%9C%E6%AD%A3%E5%93%81%20freeplus%20%E8%8A%99%E4%B8%BD%E8%8A%B3%E4%B8%9D%20%E5%A4%9C%E7%94%A8%E6%96%B0%E7%94%9F%E4%BF%9D%E6%B9%BF%E7%9C%BC%E9%9C%9C%2020G> (referer: http://item.taobao.com/item.htm?id=7784893223)
2015-05-25 22:25:31+0800 [taobaoTongkuan] DEBUG: Crawled (200) <GET http://item.taobao.com/item.htm?id=44832298449> (referer: None)
2015-05-25 22:25:41+0800 [taobaoTongkuan] DEBUG: Crawled (200) <GET http://detail.tmall.com/item.htm?id=35672657377> (referer: None)
2015-05-25 22:25:41+0800 [taobaoTongkuan] DEBUG: Crawled (200) <GET http://s.m.taobao.com/search?event_submit_do_new_search_auction=1&_input_charset=utf-8&topSearch=1&atype=b&searchfrom=1&action=home%3Aredirect_app_action&from=1&sst=1&n=20&buying=buyitnow&m=api4h5&abtest=1&wlsort=1&style=list&closeModues=nav%2Cselecthot%2Conesearch&callback=json&q=%E7%BA%AF%E8%97%95%E7%B2%89%E6%97%A0%E7%B3%96%E6%97%A0%E6%B7%BB%E5%8A%A0%E5%86%9C%E5%AE%B6%E8%87%AA%E5%88%B6%E7%BA%AF%E6%89%8B%E5%B7%A5%E8%97%95%E7%B2%89%E6%9D%AD%E5%B7%9E%E7%89%B9%E4%BA%A7%E8%A5%BF%E6%B9%96%E8%8E%B2%E8%97%95%E7%B2%893%E4%BB%B6%E5%8C%85%E9%82%AE> (referer: http://item.taobao.com/item.htm?id=42336913925)
2015-05-25 22:25:51+0800 [taobaoTongkuan] DEBUG: Crawled (200) <GET http://s.m.taobao.com/search?event_submit_do_new_search_auction=1&_input_charset=utf-8&topSearch=1&atype=b&searchfrom=1&action=home%3Aredirect_app_action&from=1&sst=1&n=20&buying=buyitnow&m=api4h5&abtest=1&wlsort=1&style=list&closeModues=nav%2Cselecthot%2Conesearch&callback=json&q=%E7%AC%AC%E5%85%AD%E4%BB%A3%20%E9%9B%85%E8%AF%97%E5%85%B0%E9%BB%9BANR%E7%89%B9%E6%B6%A6%E4%BF%AE%E6%8A%A4%E7%9C%BC%E9%9C%9C15ml%E5%B0%8F%E6%A3%95%E7%93%B6%E7%9C%BC%E7%B2%BE%E5%8D%8E%20%E4%BF%9D%E6%B9%BF%E6%8A%97%E7%9A%B1> (referer: http://item.taobao.com/item.htm?id=7243339076)
2015-05-25 22:25:51+0800 [taobaoTongkuan] DEBUG: Crawled (200) <GET http://item.taobao.com/item.htm?id=38036638238> (referer: None)
2015-05-25 22:26:01+0800 [taobaoTongkuan] DEBUG: Crawled (200) <GET http://detail.tmall.com/item.htm?id=43263354337> (referer: None)
2015-05-25 22:26:01+0800 [taobaoTongkuan] DEBUG: Crawled (200) <GET http://s.m.taobao.com/search?event_submit_do_new_search_auction=1&_input_charset=utf-8&topSearch=1&atype=b&searchfrom=1&action=home%3Aredirect_app_action&from=1&sst=1&n=20&buying=buyitnow&m=api4h5&abtest=1&wlsort=1&style=list&closeModues=nav%2Cselecthot%2Conesearch&callback=json&q=%E6%9D%AD%E5%B7%9E%E7%89%B9%E4%BA%A7%E7%BB%93%E5%A9%9A%E5%96%9C%E4%BA%8B%E4%B8%8A%E6%A2%81%E4%B9%94%E8%BF%81%E6%B3%95%E6%A0%B9%E4%BA%91%E7%89%87%E7%B3%95%E4%BC%A0%E7%BB%9F%E8%8C%B6%E7%82%B9%E8%8C%B6%E6%AD%87%E9%9B%B6%E9%A3%9F%E5%B0%8F%E5%90%83%E5%A5%BD%E7%82%B9%E5%BF%83> (referer: http://item.taobao.com/item.htm?id=37831458314)
2015-05-25 22:26:01+0800 [taobaoTongkuan] DEBUG: Crawled (200) <GET http://s.m.taobao.com/search?event_submit_do_new_search_auction=1&_input_charset=utf-8&topSearch=1&atype=b&searchfrom=1&action=home%3Aredirect_app_action&from=1&sst=1&n=20&buying=buyitnow&m=api4h5&abtest=1&wlsort=1&style=list&closeModues=nav%2Cselecthot%2Conesearch&callback=json&q=%E5%8C%85%E9%82%AE%20%E5%85%B0%E8%94%BB%20%E7%B2%BE%E5%8D%8E%E7%9C%BC%E8%86%9C%E9%9C%9C/%E5%9F%BA%E5%9B%A0%E8%B5%8B%E6%B4%BB%E5%B0%8F%E9%BB%91%E7%93%B6%E7%9C%BC%E9%9C%9C15ml%E6%B3%95%E5%9B%BD%E4%BA%A7%20%E7%B4%A7%E8%87%B4%E6%8A%97%E7%9A%B1> (referer: http://item.taobao.com/item.htm?id=5414461822)
2015-05-25 22:26:01+0800 [taobaoTongkuan] INFO: Crawled 24 pages (at 16 pages/min), scraped 0 items (at 0 items/min)
2015-05-25 22:26:11+0800 [taobaoTongkuan] DEBUG: Crawled (200) <GET http://s.m.taobao.com/search?event_submit_do_new_search_auction=1&_input_charset=utf-8&topSearch=1&atype=b&searchfrom=1&action=home%3Aredirect_app_action&from=1&sst=1&n=20&buying=buyitnow&m=api4h5&abtest=1&wlsort=1&style=list&closeModues=nav%2Cselecthot%2Conesearch&callback=json&q=%E4%B9%90%E5%8D%9A%E5%A3%AB%E4%B8%87%E6%A0%BC%E6%AD%A3%E5%93%81%20%E5%86%9B%E4%BA%8B%20%E6%94%B6%E8%97%8F%E5%93%81%20%E5%84%BF%E7%AB%A5%E7%9B%8A%E6%99%BA%E7%A7%AF%E6%9C%A8%20JX004%E7%A9%BA%E8%AD%A62000> (referer: http://item.taobao.com/item.htm?id=44832298449)
2015-05-25 22:26:21+0800 [taobaoTongkuan] DEBUG: Crawled (200) <GET http://s.m.taobao.com/search?event_submit_do_new_search_auction=1&_input_charset=utf-8&topSearch=1&atype=b&searchfrom=1&action=home%3Aredirect_app_action&from=1&sst=1&n=20&buying=buyitnow&m=api4h5&abtest=1&wlsort=1&style=list&closeModues=nav%2Cselecthot%2Conesearch&callback=json&q=%E7%9F%A5%E5%91%B3%E8%A7%82%E9%BE%99%E4%BA%95%E7%BB%BF%E8%8C%B6%E9%85%A5%20%E6%9D%AD%E5%B7%9E%E7%89%B9%E4%BA%A7%E5%91%B3%E9%81%93%E7%BA%AF%E6%89%8B%E5%B7%A5%E7%B3%95%E7%82%B9%E5%BF%83%E5%B9%B4%E8%B4%A7%E9%80%81%E7%A4%BC%E5%93%81%E7%9B%92%E8%A3%85240g> (referer: http://detail.tmall.com/item.htm?id=35672657377)
2015-05-25 22:26:31+0800 [taobaoTongkuan] DEBUG: Crawled (200) <GET http://item.taobao.com/item.htm?id=44275353737> (referer: None)
2015-05-25 22:26:31+0800 [taobaoTongkuan] DEBUG: Crawled (200) <GET http://s.m.taobao.com/search?event_submit_do_new_search_auction=1&_input_charset=utf-8&topSearch=1&atype=b&searchfrom=1&action=home%3Aredirect_app_action&from=1&sst=1&n=20&buying=buyitnow&m=api4h5&abtest=1&wlsort=1&style=list&closeModues=nav%2Cselecthot%2Conesearch&callback=json&q=%E8%80%81%E6%9D%AD%E9%82%A6%E9%BE%99%E4%BA%95%E9%85%A5%E3%80%90%E9%BE%99%E4%BA%95%E8%8C%B6%E5%91%B3%E3%80%91%20%E6%9D%AD%E5%B7%9E%E7%89%B9%E4%BA%A7%20%E6%89%8B%E5%B7%A5%E5%88%B6%E4%BD%9C%20%E6%8A%B9%E8%8C%B6%E7%B3%95%E7%82%B9%20%E7%89%B9%E8%89%B2%E7%A4%BC%E7%9B%92> (referer: http://item.taobao.com/item.htm?id=38036638238)
2015-05-25 22:26:41+0800 [taobaoTongkuan] DEBUG: Crawled (200) <GET http://item.taobao.com/item.htm?id=43641869484> (referer: None)
2015-05-25 22:26:41+0800 [taobaoTongkuan] DEBUG: Crawled (200) <GET http://s.m.taobao.com/search?event_submit_do_new_search_auction=1&_input_charset=utf-8&topSearch=1&atype=b&searchfrom=1&action=home%3Aredirect_app_action&from=1&sst=1&n=20&buying=buyitnow&m=api4h5&abtest=1&wlsort=1&style=list&closeModues=nav%2Cselecthot%2Conesearch&callback=json&q=%E5%A2%A8%E5%B0%8F%E5%A2%A8%E8%B6%85%E8%BD%BB%E5%A4%8D%E5%8F%A4%E5%9C%86%E6%A1%86%E7%9C%BC%E9%95%9C%E6%A1%86%E6%9E%B6%E5%A5%B3%20%E6%BD%AE%E6%AC%BE%E8%BF%91%E8%A7%86%E7%9C%BC%E9%95%9C%E7%94%B7%E5%A5%B3%20%E7%9C%BC%E7%9D%9B%E6%A1%86%E5%8F%AF%E9%85%8D%E9%95%9C%E7%89%87> (referer: http://detail.tmall.com/item.htm?id=43263354337)
2015-05-25 22:26:41+0800 [taobaoTongkuan] DEBUG: Crawled (200) <GET http://detail.tmall.com/item.htm?id=21508667187> (referer: None)
2015-05-25 22:26:51+0800 [taobaoTongkuan] DEBUG: Crawled (200) <GET http://detail.tmall.com/item.htm?id=42699843664> (referer: None)
2015-05-25 22:26:51+0800 [taobaoTongkuan] DEBUG: Crawled (200) <GET http://mdskip.taobao.com/core/initItemDetail.htm?itemId=35672657377> (referer: http://detail.tmall.com/item.htm?id=35672657377)
2015-05-25 22:27:01+0800 [taobaoTongkuan] DEBUG: Crawled (200) <GET http://item.taobao.com/item.htm?id=41358856025> (referer: None)
2015-05-25 22:27:01+0800 [taobaoTongkuan] DEBUG: Crawled (200) <GET http://mdskip.taobao.com/core/initItemDetail.htm?itemId=43263354337> (referer: http://detail.tmall.com/item.htm?id=43263354337)
2015-05-25 22:27:01+0800 [taobaoTongkuan] DEBUG: Crawled (200) <GET http://detail.tmall.com/item.htm?id=40592362108> (referer: None)
2015-05-25 22:27:01+0800 [taobaoTongkuan] INFO: Crawled 36 pages (at 12 pages/min), scraped 0 items (at 0 items/min)
2015-05-25 22:27:11+0800 [taobaoTongkuan] DEBUG: Crawled (200) <GET http://detail.tmall.com/item.htm?id=43717532332> (referer: None)
2015-05-25 22:27:11+0800 [taobaoTongkuan] DEBUG: Crawled (200) <GET http://s.m.taobao.com/search?event_submit_do_new_search_auction=1&_input_charset=utf-8&topSearch=1&atype=b&searchfrom=1&action=home%3Aredirect_app_action&from=1&sst=1&n=20&buying=buyitnow&m=api4h5&abtest=1&wlsort=1&style=list&closeModues=nav%2Cselecthot%2Conesearch&callback=json&q=%E6%AC%A7%E7%BE%8E%E6%98%8E%E6%98%9F%E6%AC%BE%E5%A4%8D%E5%8F%A4%E6%BD%AE%E4%BA%BA%E5%A4%A7%E7%89%8C%E5%A2%A8%E9%95%9C%20%E7%94%B7%E5%A3%AB%E7%82%AB%E5%BD%A9%E8%89%B2%E9%95%9C%E9%9D%A2%E5%A4%AA%E9%98%B3%E9%95%9C%20%E5%A5%B3%E6%AC%BE%E5%9C%86%E8%84%B8%E5%8C%85%E9%82%AE> (referer: http://item.taobao.com/item.htm?id=44275353737)
2015-05-25 22:27:21+0800 [taobaoTongkuan] DEBUG: Crawled (200) <GET http://s.m.taobao.com/search?event_submit_do_new_search_auction=1&_input_charset=utf-8&topSearch=1&atype=b&searchfrom=1&action=home%3Aredirect_app_action&from=1&sst=1&n=20&buying=buyitnow&m=api4h5&abtest=1&wlsort=1&style=list&closeModues=nav%2Cselecthot%2Conesearch&callback=json&q=%E5%8C%85%E9%82%AE%E6%97%B6%E5%B0%9A%E5%81%8F%E5%85%89%E5%A4%AA%E9%98%B3%E9%95%9C%E5%A5%B3%E6%96%B0%E6%AC%BE%E6%BD%AE%E5%A4%A7%E6%A1%86%E7%9C%BC%E9%95%9C%E8%BF%91%E8%A7%86%E5%A4%8D%E5%8F%A4%E5%A2%A8%E9%95%9C%E5%A5%B3%E5%A3%AB%E6%98%8E%E6%98%9F%E6%AC%BE%E9%BB%91%E8%89%B2> (referer: http://detail.tmall.com/item.htm?id=21508667187)
2015-05-25 22:27:21+0800 [taobaoTongkuan] DEBUG: Crawled (200) <GET http://mdskip.taobao.com/core/initItemDetail.htm?itemId=21508667187> (referer: http://detail.tmall.com/item.htm?id=21508667187)
2015-05-25 22:27:21+0800 [taobaoTongkuan] DEBUG: Crawled (200) <GET http://s.m.taobao.com/search?event_submit_do_new_search_auction=1&_input_charset=utf-8&topSearch=1&atype=b&searchfrom=1&action=home%3Aredirect_app_action&from=1&sst=1&n=20&buying=buyitnow&m=api4h5&abtest=1&wlsort=1&style=list&closeModues=nav%2Cselecthot%2Conesearch&callback=json&q=%E6%BD%AE%E4%BA%BA%E7%94%B7%E5%A5%B3%E6%83%85%E4%BE%A3%E5%A2%A8%E9%95%9C%20%E4%B8%AA%E6%80%A7%E5%BD%A9%E8%89%B2%E9%95%80%E8%86%9C%E5%8F%8D%E5%85%89%E9%95%9C%E7%89%87%E5%A4%AA%E9%98%B3%E9%95%9C%20%E7%82%AB%E5%BD%A9%E8%86%9C%E9%80%8F%E6%98%8E%E6%A1%86%E7%9C%BC%E9%95%9C> (referer: http://item.taobao.com/item.htm?id=43641869484)
2015-05-25 22:27:31+0800 [taobaoTongkuan] DEBUG: Crawled (200) <GET http://s.m.taobao.com/search?event_submit_do_new_search_auction=1&_input_charset=utf-8&topSearch=1&atype=b&searchfrom=1&action=home%3Aredirect_app_action&from=1&sst=1&n=20&buying=buyitnow&m=api4h5&abtest=1&wlsort=1&style=list&closeModues=nav%2Cselecthot%2Conesearch&callback=json&q=%E6%AD%A3%E5%93%81%E9%A3%9F%E5%93%81%E6%B1%9F%E8%8B%8F%E5%8D%97%E4%BA%AC%E5%9C%9F%E7%89%B9%E4%BA%A7%E9%9B%B6%E9%A3%9F%E5%B0%8F%E5%90%83%E4%BC%A0%E7%BB%9F%E7%B3%95%E7%82%B9%E7%82%B9%E5%BF%83%E5%9B%9B%E5%A4%A7%E5%90%8D%E7%82%B9%E7%A4%BC%E5%93%81%E7%A4%BC%E7%9B%92%E8%A3%85> (referer: http://detail.tmall.com/item.htm?id=42699843664)
2015-05-25 22:27:31+0800 [taobaoTongkuan] DEBUG: Crawled (200) <GET http://mdskip.taobao.com/core/initItemDetail.htm?itemId=42699843664> (referer: http://detail.tmall.com/item.htm?id=42699843664)
2015-05-25 22:27:41+0800 [taobaoTongkuan] DEBUG: Crawled (200) <GET http://item.taobao.com/item.htm?id=41735237483> (referer: None)
2015-05-25 22:27:41+0800 [taobaoTongkuan] DEBUG: Crawled (200) <GET http://s.m.taobao.com/search?event_submit_do_new_search_auction=1&_input_charset=utf-8&topSearch=1&atype=b&searchfrom=1&action=home%3Aredirect_app_action&from=1&sst=1&n=20&buying=buyitnow&m=api4h5&abtest=1&wlsort=1&style=list&closeModues=nav%2Cselecthot%2Conesearch&callback=json&q=%E5%8D%97%E4%BA%AC%E7%89%B9%E4%BA%A7%E9%9B%B6%E9%A3%9F%E5%B0%8F%E5%90%83%20%E4%B9%94%E9%BC%8E%E5%A5%B6%E9%BB%84%E9%A5%BC%E8%9B%8B%E9%BB%84%E7%B4%AB%E8%96%AF%E9%A6%85%20%E5%A4%B9%E5%BF%83%E6%9C%88%E9%A5%BC%20%E7%8B%AC%E7%AB%8B%E5%8C%85%E8%A3%8535g> (referer: http://detail.tmall.com/item.htm?id=40592362108)
2015-05-25 22:27:41+0800 [taobaoTongkuan] DEBUG: Crawled (200) <GET http://mdskip.taobao.com/core/initItemDetail.htm?itemId=40592362108> (referer: http://detail.tmall.com/item.htm?id=40592362108)
2015-05-25 22:27:41+0800 [taobaoTongkuan] DEBUG: Crawled (200) <GET http://s.m.taobao.com/search?event_submit_do_new_search_auction=1&_input_charset=utf-8&topSearch=1&atype=b&searchfrom=1&action=home%3Aredirect_app_action&from=1&sst=1&n=20&buying=buyitnow&m=api4h5&abtest=1&wlsort=1&style=list&closeModues=nav%2Cselecthot%2Conesearch&callback=json&q=MS%E6%9B%BC%E4%B8%9D%E5%81%8F%E5%85%89%E5%A4%AA%E9%98%B3%E9%95%9C2015%E6%96%B0%E6%AC%BE%E5%A2%A8%E9%95%9C%E5%A5%B3%E6%98%8E%E6%98%9F%E6%AC%BE%E5%90%8C%E6%AC%BE%E4%B8%AA%E6%80%A7%E5%9C%86%E8%84%B8%E5%A4%AA%E9%98%B3%E7%9C%BC%E9%95%9C%E7%94%B7%E6%BD%AE> (referer: http://item.taobao.com/item.htm?id=41358856025)
2015-05-25 22:27:51+0800 [taobaoTongkuan] DEBUG: Crawled (200) <GET http://item.taobao.com/item.htm?id=39002924590> (referer: None)
2015-05-25 22:27:51+0800 [taobaoTongkuan] DEBUG: Crawled (200) <GET http://s.m.taobao.com/search?event_submit_do_new_search_auction=1&_input_charset=utf-8&topSearch=1&atype=b&searchfrom=1&action=home%3Aredirect_app_action&from=1&sst=1&n=20&buying=buyitnow&m=api4h5&abtest=1&wlsort=1&style=list&closeModues=nav%2Cselecthot%2Conesearch&callback=json&q=%E6%B5%B7%E9%B9%B0%E8%9F%B9%E5%A3%B3%E9%BB%8440g%2A4%E6%9E%9A%20%E5%8D%97%E4%BA%AC%E7%89%B9%E4%BA%A7%E5%B0%8F%E5%90%83%E9%9B%B6%E9%A3%9F%E4%BC%A0%E7%BB%9F%E7%B3%95%E7%82%B9%E7%82%B9%E5%BF%83%E7%BE%8E%E9%A3%9F%E5%91%B3%E8%B6%85%E8%82%89%E6%9D%BE%E9%A5%BC> (referer: http://detail.tmall.com/item.htm?id=43717532332)
2015-05-25 22:27:51+0800 [taobaoTongkuan] DEBUG: Crawled (200) <GET http://mdskip.taobao.com/core/initItemDetail.htm?itemId=43717532332> (referer: http://detail.tmall.com/item.htm?id=43717532332)
